This file contains any messages produced by compilers while
running configure, to aid debugging if configure makes a mistake.

It was created by ODE configure 0.9.0, which was
generated by GNU Autoconf 2.61.  Invocation command line was

  $ ./configure --enable-double-precision

## --------- ##
## Platform. ##
## --------- ##

hostname = localhost.localdomain
uname -m = i686
uname -r = 2.6.23.1-49.fc8
uname -s = Linux
uname -v = #1 SMP Thu Nov 8 21:41:26 EST 2007

/usr/bin/uname -p = unknown
/bin/uname -X     = unknown

/bin/arch              = i686
/usr/bin/arch -k       = unknown
/usr/convex/getsysinfo = unknown
/usr/bin/hostinfo      = unknown
/bin/machine           = unknown
/usr/bin/oslevel       = unknown
/bin/universe          = unknown

PATH: /usr/lib/qt-3.3/bin
PATH: /usr/kerberos/bin
PATH: /usr/lib/ccache
PATH: /usr/local/bin
PATH: /usr/bin
PATH: /bin
PATH: /usr/X11R6/bin
PATH: /home/mezl/bin


## ----------- ##
## Core tests. ##
## ----------- ##

configure:1862: checking build system type
configure:1880: result: i686-pc-linux-gnu
configure:1902: checking host system type
configure:1917: result: i686-pc-linux-gnu
configure:1939: checking target system type
configure:1954: result: i686-pc-linux-gnu
configure:1998: checking for a BSD-compatible install
configure:2054: result: /usr/bin/install -c
configure:2065: checking whether build environment is sane
configure:2108: result: yes
configure:2136: checking for a thread-safe mkdir -p
configure:2175: result: /bin/mkdir -p
configure:2188: checking for gawk
configure:2204: found /usr/bin/gawk
configure:2215: result: gawk
configure:2226: checking whether make sets $(MAKE)
configure:2247: result: yes
configure:2451: checking for style of include used by make
configure:2479: result: GNU
configure:2549: checking for gcc
configure:2565: found /usr/lib/ccache/gcc
configure:2576: result: gcc
configure:2814: checking for C compiler version
configure:2821: gcc --version >&5
gcc (GCC) 4.1.2 20070925 (Red Hat 4.1.2-33)
Copyright (C) 2006 Free Software Foundation, Inc.
This is free software; see the source for copying conditions.  There is NO
warranty; not even for MERCHANTABILITY or FITNESS FOR A PARTICULAR PURPOSE.

configure:2824: $? = 0
configure:2831: gcc -v >&5
Using built-in specs.
Target: i386-redhat-linux
Configured with: ../configure --prefix=/usr --mandir=/usr/share/man --infodir=/usr/share/info --enable-shared --enable-threads=posix --enable-checking=release --with-system-zlib --enable-__cxa_atexit --disable-libunwind-exceptions --enable-languages=c,c++,objc,obj-c++,java,fortran,ada --enable-java-awt=gtk --disable-dssi --enable-plugin --with-java-home=/usr/lib/jvm/java-1.5.0-gcj-1.5.0.0/jre --enable-libgcj-multifile --enable-java-maintainer-mode --with-ecj-jar=/usr/share/java/eclipse-ecj.jar --with-cpu=generic --host=i386-redhat-linux
Thread model: posix
gcc version 4.1.2 20070925 (Red Hat 4.1.2-33)
configure:2834: $? = 0
configure:2841: gcc -V >&5
gcc: '-V' option must have argument
configure:2844: $? = 1
configure:2867: checking for C compiler default output file name
configure:2894: gcc    conftest.c  >&5
configure:2897: $? = 0
configure:2935: result: a.out
configure:2952: checking whether the C compiler works
configure:2962: ./a.out
configure:2965: $? = 0
configure:2982: result: yes
configure:2989: checking whether we are cross compiling
configure:2991: result: no
configure:2994: checking for suffix of executables
configure:3001: gcc -o conftest    conftest.c  >&5
configure:3004: $? = 0
configure:3028: result: 
configure:3034: checking for suffix of object files
configure:3060: gcc -c   conftest.c >&5
configure:3063: $? = 0
configure:3086: result: o
configure:3090: checking whether we are using the GNU C compiler
configure:3119: gcc -c   conftest.c >&5
configure:3125: $? = 0
configure:3142: result: yes
configure:3147: checking whether gcc accepts -g
configure:3177: gcc -c -g  conftest.c >&5
configure:3183: $? = 0
configure:3282: result: yes
configure:3299: checking for gcc option to accept ISO C89
configure:3373: gcc  -c   conftest.c >&5
configure:3379: $? = 0
configure:3402: result: none needed
configure:3422: checking dependency style of gcc
configure:3513: result: gcc3
configure:3534: checking how to run the C preprocessor
configure:3574: gcc -E  conftest.c
configure:3580: $? = 0
configure:3611: gcc -E  conftest.c
conftest.c:10:28: error: ac_nonexistent.h: No such file or directory
configure:3617: $? = 1
configure: failed program was:
| /* confdefs.h.  */
| #define PACKAGE_NAME "ODE"
| #define PACKAGE_TARNAME "ode"
| #define PACKAGE_VERSION "0.9.0"
| #define PACKAGE_STRING "ODE 0.9.0"
| #define PACKAGE_BUGREPORT "ode@ode.org"
| #define PACKAGE "ODE"
| #define VERSION "0.9.0"
| /* end confdefs.h.  */
| #include <ac_nonexistent.h>
configure:3650: result: gcc -E
configure:3679: gcc -E  conftest.c
configure:3685: $? = 0
configure:3716: gcc -E  conftest.c
conftest.c:10:28: error: ac_nonexistent.h: No such file or directory
configure:3722: $? = 1
configure: failed program was:
| /* confdefs.h.  */
| #define PACKAGE_NAME "ODE"
| #define PACKAGE_TARNAME "ode"
| #define PACKAGE_VERSION "0.9.0"
| #define PACKAGE_STRING "ODE 0.9.0"
| #define PACKAGE_BUGREPORT "ode@ode.org"
| #define PACKAGE "ODE"
| #define VERSION "0.9.0"
| /* end confdefs.h.  */
| #include <ac_nonexistent.h>
configure:3760: checking for grep that handles long lines and -e
configure:3834: result: /bin/grep
configure:3839: checking for egrep
configure:3917: result: /bin/grep -E
configure:3922: checking for ANSI C header files
configure:3952: gcc -c   conftest.c >&5
configure:3958: $? = 0
configure:4057: gcc -o conftest    conftest.c  >&5
configure:4060: $? = 0
configure:4066: ./conftest
configure:4069: $? = 0
configure:4086: result: yes
configure:4110: checking for sys/types.h
configure:4131: gcc -c   conftest.c >&5
configure:4137: $? = 0
configure:4153: result: yes
configure:4110: checking for sys/stat.h
configure:4131: gcc -c   conftest.c >&5
configure:4137: $? = 0
configure:4153: result: yes
configure:4110: checking for stdlib.h
configure:4131: gcc -c   conftest.c >&5
configure:4137: $? = 0
configure:4153: result: yes
configure:4110: checking for string.h
configure:4131: gcc -c   conftest.c >&5
configure:4137: $? = 0
configure:4153: result: yes
configure:4110: checking for memory.h
configure:4131: gcc -c   conftest.c >&5
configure:4137: $? = 0
configure:4153: result: yes
configure:4110: checking for strings.h
configure:4131: gcc -c   conftest.c >&5
configure:4137: $? = 0
configure:4153: result: yes
configure:4110: checking for inttypes.h
configure:4131: gcc -c   conftest.c >&5
configure:4137: $? = 0
configure:4153: result: yes
configure:4110: checking for stdint.h
configure:4131: gcc -c   conftest.c >&5
configure:4137: $? = 0
configure:4153: result: yes
configure:4110: checking for unistd.h
configure:4131: gcc -c   conftest.c >&5
configure:4137: $? = 0
configure:4153: result: yes
configure:4165: checking whether byte ordering is bigendian
configure:4198: gcc -c   conftest.c >&5
configure:4204: $? = 0
configure:4236: gcc -c   conftest.c >&5
conftest.c: In function 'main':
conftest.c:27: error: 'not' undeclared (first use in this function)
conftest.c:27: error: (Each undeclared identifier is reported only once
conftest.c:27: error: for each function it appears in.)
conftest.c:27: error: expected ';' before 'big'
configure:4242: $? = 1
configure: failed program was:
| /* confdefs.h.  */
| #define PACKAGE_NAME "ODE"
| #define PACKAGE_TARNAME "ode"
| #define PACKAGE_VERSION "0.9.0"
| #define PACKAGE_STRING "ODE 0.9.0"
| #define PACKAGE_BUGREPORT "ode@ode.org"
| #define PACKAGE "ODE"
| #define VERSION "0.9.0"
| #define STDC_HEADERS 1
| #define HAVE_SYS_TYPES_H 1
| #define HAVE_SYS_STAT_H 1
| #define HAVE_STDLIB_H 1
| #define HAVE_STRING_H 1
| #define HAVE_MEMORY_H 1
| #define HAVE_STRINGS_H 1
| #define HAVE_INTTYPES_H 1
| #define HAVE_STDINT_H 1
| #define HAVE_UNISTD_H 1
| /* end confdefs.h.  */
| #include <sys/types.h>
| #include <sys/param.h>
| 
| int
| main ()
| {
| #if BYTE_ORDER != BIG_ENDIAN
|  not big endian
| #endif
| 
|   ;
|   return 0;
| }
configure:4382: result: no
configure:4401: checking for X
configure:4571: gcc -o conftest    conftest.c -lX11  >&5
configure:4577: $? = 0
configure:4636: result: libraries , headers 
configure:4797: gcc -o conftest    conftest.c   -lX11 >&5
configure:4803: $? = 0
configure:4960: checking for gethostbyname
configure:5016: gcc -o conftest    conftest.c  >&5
configure:5022: $? = 0
configure:5039: result: yes
configure:5184: checking for connect
configure:5240: gcc -o conftest    conftest.c  >&5
configure:5246: $? = 0
configure:5263: result: yes
configure:5335: checking for remove
configure:5391: gcc -o conftest    conftest.c  >&5
configure:5397: $? = 0
configure:5414: result: yes
configure:5486: checking for shmat
configure:5542: gcc -o conftest    conftest.c  >&5
configure:5548: $? = 0
configure:5565: result: yes
configure:5646: checking for IceConnectionNumber in -lICE
configure:5681: gcc -o conftest    conftest.c -lICE   >&5
configure:5687: $? = 0
configure:5705: result: yes
configure:5724: checking whether make sets $(MAKE)
configure:5745: result: yes
configure:5813: checking for g++
configure:5829: found /usr/lib/ccache/g++
configure:5840: result: g++
configure:5871: checking for C++ compiler version
configure:5878: g++ --version >&5
g++ (GCC) 4.1.2 20070925 (Red Hat 4.1.2-33)
Copyright (C) 2006 Free Software Foundation, Inc.
This is free software; see the source for copying conditions.  There is NO
warranty; not even for MERCHANTABILITY or FITNESS FOR A PARTICULAR PURPOSE.

configure:5881: $? = 0
configure:5888: g++ -v >&5
Using built-in specs.
Target: i386-redhat-linux
Configured with: ../configure --prefix=/usr --mandir=/usr/share/man --infodir=/usr/share/info --enable-shared --enable-threads=posix --enable-checking=release --with-system-zlib --enable-__cxa_atexit --disable-libunwind-exceptions --enable-languages=c,c++,objc,obj-c++,java,fortran,ada --enable-java-awt=gtk --disable-dssi --enable-plugin --with-java-home=/usr/lib/jvm/java-1.5.0-gcj-1.5.0.0/jre --enable-libgcj-multifile --enable-java-maintainer-mode --with-ecj-jar=/usr/share/java/eclipse-ecj.jar --with-cpu=generic --host=i386-redhat-linux
Thread model: posix
gcc version 4.1.2 20070925 (Red Hat 4.1.2-33)
configure:5891: $? = 0
configure:5898: g++ -V >&5
g++: '-V' option must have argument
configure:5901: $? = 1
configure:5904: checking whether we are using the GNU C++ compiler
configure:5933: g++ -c   conftest.cpp >&5
configure:5939: $? = 0
configure:5956: result: yes
configure:5961: checking whether g++ accepts -g
configure:5991: g++ -c -g  conftest.cpp >&5
configure:5997: $? = 0
configure:6096: result: yes
configure:6121: checking dependency style of g++
configure:6212: result: gcc3
configure:6240: checking for a BSD-compatible install
configure:6296: result: /usr/bin/install -c
configure:6356: checking for windres
configure:6386: result: no
configure:6411: checking for an ANSI C-conforming const
configure:6486: gcc -c   conftest.c >&5
configure:6492: $? = 0
configure:6507: result: yes
configure:6517: checking for inline
configure:6543: gcc -c   conftest.c >&5
configure:6549: $? = 0
configure:6567: result: inline
configure:6586: checking for working volatile
configure:6615: gcc -c   conftest.c >&5
configure:6621: $? = 0
configure:6636: result: yes
configure:6646: checking for stdbool.h that conforms to C99
configure:6739: gcc -c   conftest.c >&5
configure:6745: $? = 0
configure:6760: result: yes
configure:6762: checking for _Bool
configure:6792: gcc -c   conftest.c >&5
configure:6798: $? = 0
configure:6813: result: yes
configure:6875: checking for ranlib
configure:6891: found /usr/bin/ranlib
configure:6902: result: ranlib
configure:6928: checking for size_t
configure:6958: gcc -c   conftest.c >&5
configure:6964: $? = 0
configure:6979: result: yes
configure:6992: checking if a soname should be set
configure:7001: result: no
configure:7013: checking if tests should be built
configure:7022: result: yes
configure:7085: checking alloca.h usability
configure:7102: gcc -c   conftest.c >&5
configure:7108: $? = 0
configure:7122: result: yes
configure:7126: checking alloca.h presence
configure:7141: gcc -E  conftest.c
configure:7147: $? = 0
configure:7161: result: yes
configure:7194: checking for alloca.h
configure:7202: result: yes
configure:7085: checking ieeefp.h usability
configure:7102: gcc -c   conftest.c >&5
conftest.c:56:20: error: ieeefp.h: No such file or directory
configure:7108: $? = 1
configure: failed program was:
| /* confdefs.h.  */
| #define PACKAGE_NAME "ODE"
| #define PACKAGE_TARNAME "ode"
| #define PACKAGE_VERSION "0.9.0"
| #define PACKAGE_STRING "ODE 0.9.0"
| #define PACKAGE_BUGREPORT "ode@ode.org"
| #define PACKAGE "ODE"
| #define VERSION "0.9.0"
| #define STDC_HEADERS 1
| #define HAVE_SYS_TYPES_H 1
| #define HAVE_SYS_STAT_H 1
| #define HAVE_STDLIB_H 1
| #define HAVE_STRING_H 1
| #define HAVE_MEMORY_H 1
| #define HAVE_STRINGS_H 1
| #define HAVE_INTTYPES_H 1
| #define HAVE_STDINT_H 1
| #define HAVE_UNISTD_H 1
| #define HAVE__BOOL 1
| #define HAVE_STDBOOL_H 1
| #define HAVE_ALLOCA_H 1
| /* end confdefs.h.  */
| #include <stdio.h>
| #ifdef HAVE_SYS_TYPES_H
| # include <sys/types.h>
| #endif
| #ifdef HAVE_SYS_STAT_H
| # include <sys/stat.h>
| #endif
| #ifdef STDC_HEADERS
| # include <stdlib.h>
| # include <stddef.h>
| #else
| # ifdef HAVE_STDLIB_H
| #  include <stdlib.h>
| # endif
| #endif
| #ifdef HAVE_STRING_H
| # if !defined STDC_HEADERS && defined HAVE_MEMORY_H
| #  include <memory.h>
| # endif
| # include <string.h>
| #endif
| #ifdef HAVE_STRINGS_H
| # include <strings.h>
| #endif
| #ifdef HAVE_INTTYPES_H
| # include <inttypes.h>
| #endif
| #ifdef HAVE_STDINT_H
| # include <stdint.h>
| #endif
| #ifdef HAVE_UNISTD_H
| # include <unistd.h>
| #endif
| #include <ieeefp.h>
configure:7122: result: no
configure:7126: checking ieeefp.h presence
configure:7141: gcc -E  conftest.c
conftest.c:23:20: error: ieeefp.h: No such file or directory
configure:7147: $? = 1
configure: failed program was:
| /* confdefs.h.  */
| #define PACKAGE_NAME "ODE"
| #define PACKAGE_TARNAME "ode"
| #define PACKAGE_VERSION "0.9.0"
| #define PACKAGE_STRING "ODE 0.9.0"
| #define PACKAGE_BUGREPORT "ode@ode.org"
| #define PACKAGE "ODE"
| #define VERSION "0.9.0"
| #define STDC_HEADERS 1
| #define HAVE_SYS_TYPES_H 1
| #define HAVE_SYS_STAT_H 1
| #define HAVE_STDLIB_H 1
| #define HAVE_STRING_H 1
| #define HAVE_MEMORY_H 1
| #define HAVE_STRINGS_H 1
| #define HAVE_INTTYPES_H 1
| #define HAVE_STDINT_H 1
| #define HAVE_UNISTD_H 1
| #define HAVE__BOOL 1
| #define HAVE_STDBOOL_H 1
| #define HAVE_ALLOCA_H 1
| /* end confdefs.h.  */
| #include <ieeefp.h>
configure:7161: result: no
configure:7194: checking for ieeefp.h
configure:7202: result: no
configure:7085: checking stdio.h usability
configure:7102: gcc -c   conftest.c >&5
configure:7108: $? = 0
configure:7122: result: yes
configure:7126: checking stdio.h presence
configure:7141: gcc -E  conftest.c
configure:7147: $? = 0
configure:7161: result: yes
configure:7194: checking for stdio.h
configure:7202: result: yes
configure:7075: checking for stdlib.h
configure:7081: result: yes
configure:7085: checking math.h usability
configure:7102: gcc -c   conftest.c >&5
configure:7108: $? = 0
configure:7122: result: yes
configure:7126: checking math.h presence
configure:7141: gcc -E  conftest.c
configure:7147: $? = 0
configure:7161: result: yes
configure:7194: checking for math.h
configure:7202: result: yes
configure:7075: checking for string.h
configure:7081: result: yes
configure:7085: checking stdarg.h usability
configure:7102: gcc -c   conftest.c >&5
configure:7108: $? = 0
configure:7122: result: yes
configure:7126: checking stdarg.h presence
configure:7141: gcc -E  conftest.c
configure:7147: $? = 0
configure:7161: result: yes
configure:7194: checking for stdarg.h
configure:7202: result: yes
configure:7085: checking malloc.h usability
configure:7102: gcc -c   conftest.c >&5
configure:7108: $? = 0
configure:7122: result: yes
configure:7126: checking malloc.h presence
configure:7141: gcc -E  conftest.c
configure:7147: $? = 0
configure:7161: result: yes
configure:7194: checking for malloc.h
configure:7202: result: yes
configure:7085: checking values.h usability
configure:7102: gcc -c   conftest.c >&5
configure:7108: $? = 0
configure:7122: result: yes
configure:7126: checking values.h presence
configure:7141: gcc -E  conftest.c
configure:7147: $? = 0
configure:7161: result: yes
configure:7194: checking for values.h
configure:7202: result: yes
configure:7085: checking float.h usability
configure:7102: gcc -c   conftest.c >&5
configure:7108: $? = 0
configure:7122: result: yes
configure:7126: checking float.h presence
configure:7141: gcc -E  conftest.c
configure:7147: $? = 0
configure:7161: result: yes
configure:7194: checking for float.h
configure:7202: result: yes
configure:7085: checking time.h usability
configure:7102: gcc -c   conftest.c >&5
configure:7108: $? = 0
configure:7122: result: yes
configure:7126: checking time.h presence
configure:7141: gcc -E  conftest.c
configure:7147: $? = 0
configure:7161: result: yes
configure:7194: checking for time.h
configure:7202: result: yes
configure:7085: checking sys/time.h usability
configure:7102: gcc -c   conftest.c >&5
configure:7108: $? = 0
configure:7122: result: yes
configure:7126: checking sys/time.h presence
configure:7141: gcc -E  conftest.c
configure:7147: $? = 0
configure:7161: result: yes
configure:7194: checking for sys/time.h
configure:7202: result: yes
configure:7263: checking if gyroscopic term should be used
configure:7272: result: yes
configure:7283: checking if double precision is requested
configure:7330: gcc -o conftest    conftest.c  >&5
configure:7333: $? = 0
configure:7339: ./conftest
configure:7342: $? = 0
configure:7384: gcc -o conftest    conftest.c  >&5
configure:7387: $? = 0
configure:7393: ./conftest
configure:7396: $? = 0
configure:7439: gcc -o conftest    conftest.c  >&5
conftest.c: In function 'main':
conftest.c:40: error: 'HUGE_VAL' undeclared (first use in this function)
conftest.c:40: error: (Each undeclared identifier is reported only once
conftest.c:40: error: for each function it appears in.)
configure:7442: $? = 1
configure: program exited with status 1
configure: failed program was:
| /* confdefs.h.  */
| #define PACKAGE_NAME "ODE"
| #define PACKAGE_TARNAME "ode"
| #define PACKAGE_VERSION "0.9.0"
| #define PACKAGE_STRING "ODE 0.9.0"
| #define PACKAGE_BUGREPORT "ode@ode.org"
| #define PACKAGE "ODE"
| #define VERSION "0.9.0"
| #define STDC_HEADERS 1
| #define HAVE_SYS_TYPES_H 1
| #define HAVE_SYS_STAT_H 1
| #define HAVE_STDLIB_H 1
| #define HAVE_STRING_H 1
| #define HAVE_MEMORY_H 1
| #define HAVE_STRINGS_H 1
| #define HAVE_INTTYPES_H 1
| #define HAVE_STDINT_H 1
| #define HAVE_UNISTD_H 1
| #define HAVE__BOOL 1
| #define HAVE_STDBOOL_H 1
| #define HAVE_ALLOCA_H 1
| #define HAVE_STDIO_H 1
| #define HAVE_STDLIB_H 1
| #define HAVE_MATH_H 1
| #define HAVE_STRING_H 1
| #define HAVE_STDARG_H 1
| #define HAVE_MALLOC_H 1
| #define HAVE_VALUES_H 1
| #define HAVE_FLOAT_H 1
| #define HAVE_TIME_H 1
| #define HAVE_SYS_TIME_H 1
| #define dGYROSCOPIC
| #define dDOUBLE
| /* end confdefs.h.  */
| 
| #include <float.h>
| #define dInfinity HUGE_VAL
| int main()
| {
| if (dInfinity > 1e10 && -dInfinity < -1e10 && -dInfinity < dInfinity)
| return 0;
| else return -1;
| }
| 
configure:7494: gcc -o conftest    conftest.c  >&5
configure:7497: $? = 0
configure:7503: ./conftest
configure:7506: $? = 0
configure:7753: result: yes
configure:7760: checking for appropriate dInfinity constant
configure:7762: result: DBL_MAX
configure:7766: checking for float.h
configure:7771: result: yes
configure:7902: checking for appropriate dEpsilon constant
configure:7925: result: DBL_EPSILON
configure:7931: checking for a Pentium CPU
configure:7961: gcc -o conftest    conftest.c  >&5
configure:7964: $? = 0
configure:7970: ./conftest
configure:7973: $? = 0
configure:7999: result: yes
configure:8002: checking for a x86-64 CPU
configure:8037: gcc -o conftest    conftest.c  >&5
/tmp/ccnZzWMQ.s: Assembler messages:
/tmp/ccnZzWMQ.s:18: Error: bad register name `%rax'
/tmp/ccnZzWMQ.s:19: Error: bad register name `%rax)'
configure:8040: $? = 1
configure: program exited with status 1
configure: failed program was:
| /* confdefs.h.  */
| #define PACKAGE_NAME "ODE"
| #define PACKAGE_TARNAME "ode"
| #define PACKAGE_VERSION "0.9.0"
| #define PACKAGE_STRING "ODE 0.9.0"
| #define PACKAGE_BUGREPORT "ode@ode.org"
| #define PACKAGE "ODE"
| #define VERSION "0.9.0"
| #define STDC_HEADERS 1
| #define HAVE_SYS_TYPES_H 1
| #define HAVE_SYS_STAT_H 1
| #define HAVE_STDLIB_H 1
| #define HAVE_STRING_H 1
| #define HAVE_MEMORY_H 1
| #define HAVE_STRINGS_H 1
| #define HAVE_INTTYPES_H 1
| #define HAVE_STDINT_H 1
| #define HAVE_UNISTD_H 1
| #define HAVE__BOOL 1
| #define HAVE_STDBOOL_H 1
| #define HAVE_ALLOCA_H 1
| #define HAVE_STDIO_H 1
| #define HAVE_STDLIB_H 1
| #define HAVE_MATH_H 1
| #define HAVE_STRING_H 1
| #define HAVE_STDARG_H 1
| #define HAVE_MALLOC_H 1
| #define HAVE_VALUES_H 1
| #define HAVE_FLOAT_H 1
| #define HAVE_TIME_H 1
| #define HAVE_SYS_TIME_H 1
| #define dGYROSCOPIC
| #define dDOUBLE
| #define dInfinity DBL_MAX
| #define dEpsilon DBL_EPSILON
| #define PENTIUM 1
| /* end confdefs.h.  */
| 
| int main()
| {
| int a = 0;
| int * pa = &a;
| asm ("mov %0,%%rax\n"
|      "movl (%%rax),%%eax\n"
|      : : "r"(pa) : "%rax");
| return 0;
| };
| 
configure:8075: result: no
configure:8086: checking if building a release library
configure:8106: result: no
configure:8109: checking if building a debug library
configure:8124: result: yes
configure:8128: checking for char
configure:8158: gcc -c  -g  -g conftest.c >&5
configure:8164: $? = 0
configure:8179: result: yes
configure:8186: checking size of char
configure:8488: gcc -o conftest  -g  -g  conftest.c  >&5
configure:8491: $? = 0
configure:8497: ./conftest
configure:8500: $? = 0
configure:8523: result: 1
configure:8533: checking for int
configure:8563: gcc -c  -g  -g conftest.c >&5
configure:8569: $? = 0
configure:8584: result: yes
configure:8591: checking size of int
configure:8893: gcc -o conftest  -g  -g  conftest.c  >&5
configure:8896: $? = 0
configure:8902: ./conftest
configure:8905: $? = 0
configure:8928: result: 4
configure:8938: checking for short
configure:8968: gcc -c  -g  -g conftest.c >&5
configure:8974: $? = 0
configure:8989: result: yes
configure:8996: checking size of short
configure:9298: gcc -o conftest  -g  -g  conftest.c  >&5
configure:9301: $? = 0
configure:9307: ./conftest
configure:9310: $? = 0
configure:9333: result: 2
configure:9343: checking for long int
configure:9373: gcc -c  -g  -g conftest.c >&5
configure:9379: $? = 0
configure:9394: result: yes
configure:9401: checking size of long int
configure:9703: gcc -o conftest  -g  -g  conftest.c  >&5
configure:9706: $? = 0
configure:9712: ./conftest
configure:9715: $? = 0
configure:9738: result: 4
configure:9748: checking for void*
configure:9778: gcc -c  -g  -g conftest.c >&5
configure:9784: $? = 0
configure:9799: result: yes
configure:9806: checking size of void*
configure:10108: gcc -o conftest  -g  -g  conftest.c  >&5
configure:10111: $? = 0
configure:10117: ./conftest
configure:10120: $? = 0
configure:10143: result: 4
configure:10204: checking which drawstuff lib to build
configure:10206: result: X11
configure:10209: checking for the suffix of shared libraries
configure:10211: result: .so
configure:10244: checking for GL/gl.h
configure:10271: gcc -c  -g -I -L  -g conftest.c >&5
configure:10277: $? = 0
configure:10293: result: yes
configure:10244: checking for GL/glu.h
configure:10271: gcc -c  -g -I -L  -g conftest.c >&5
configure:10277: $? = 0
configure:10293: result: yes
configure:10244: checking for GL/glext.h
configure:10271: gcc -c  -g -I -L  -g conftest.c >&5
configure:10277: $? = 0
configure:10293: result: yes
configure:10304: checking for main in -lGL
configure:10333: gcc -o conftest  -g -I -L  -g  conftest.c -lGL   >&5
configure:10339: $? = 0
configure:10357: result: yes
configure:10365: checking for main in -lGLU
configure:10394: gcc -o conftest  -g -I -L  -g   -lGL conftest.c -lGLU   >&5
configure:10400: $? = 0
configure:10418: result: yes
configure:10425: checking for main in -lopengl32
configure:10454: gcc -o conftest  -g -I -L  -g  conftest.c -lopengl32   >&5
/usr/bin/ld: cannot find -lopengl32
collect2: ld returned 1 exit status
configure:10460: $? = 1
configure: failed program was:
| /* confdefs.h.  */
| #define PACKAGE_NAME "ODE"
| #define PACKAGE_TARNAME "ode"
| #define PACKAGE_VERSION "0.9.0"
| #define PACKAGE_STRING "ODE 0.9.0"
| #define PACKAGE_BUGREPORT "ode@ode.org"
| #define PACKAGE "ODE"
| #define VERSION "0.9.0"
| #define STDC_HEADERS 1
| #define HAVE_SYS_TYPES_H 1
| #define HAVE_SYS_STAT_H 1
| #define HAVE_STDLIB_H 1
| #define HAVE_STRING_H 1
| #define HAVE_MEMORY_H 1
| #define HAVE_STRINGS_H 1
| #define HAVE_INTTYPES_H 1
| #define HAVE_STDINT_H 1
| #define HAVE_UNISTD_H 1
| #define HAVE__BOOL 1
| #define HAVE_STDBOOL_H 1
| #define HAVE_ALLOCA_H 1
| #define HAVE_STDIO_H 1
| #define HAVE_STDLIB_H 1
| #define HAVE_MATH_H 1
| #define HAVE_STRING_H 1
| #define HAVE_STDARG_H 1
| #define HAVE_MALLOC_H 1
| #define HAVE_VALUES_H 1
| #define HAVE_FLOAT_H 1
| #define HAVE_TIME_H 1
| #define HAVE_SYS_TIME_H 1
| #define dGYROSCOPIC
| #define dDOUBLE
| #define dInfinity DBL_MAX
| #define dEpsilon DBL_EPSILON
| #define PENTIUM 1
| #define SIZEOF_CHAR 1
| #define SIZEOF_INT 4
| #define SIZEOF_SHORT 2
| #define SIZEOF_LONG_INT 4
| #define SIZEOF_VOIDP 4
| #define SO_EXT ".so"
| #define HAVE_GL_GL_H 1
| #define HAVE_GL_GLU_H 1
| #define HAVE_GL_GLEXT_H 1
| /* end confdefs.h.  */
| 
| 
| int
| main ()
| {
| return main ();
|   ;
|   return 0;
| }
configure:10478: result: no
configure:10484: checking for main in -lglu32
configure:10513: gcc -o conftest  -g -I -L  -g  conftest.c -lglu32   >&5
/usr/bin/ld: cannot find -lglu32
collect2: ld returned 1 exit status
configure:10519: $? = 1
configure: failed program was:
| /* confdefs.h.  */
| #define PACKAGE_NAME "ODE"
| #define PACKAGE_TARNAME "ode"
| #define PACKAGE_VERSION "0.9.0"
| #define PACKAGE_STRING "ODE 0.9.0"
| #define PACKAGE_BUGREPORT "ode@ode.org"
| #define PACKAGE "ODE"
| #define VERSION "0.9.0"
| #define STDC_HEADERS 1
| #define HAVE_SYS_TYPES_H 1
| #define HAVE_SYS_STAT_H 1
| #define HAVE_STDLIB_H 1
| #define HAVE_STRING_H 1
| #define HAVE_MEMORY_H 1
| #define HAVE_STRINGS_H 1
| #define HAVE_INTTYPES_H 1
| #define HAVE_STDINT_H 1
| #define HAVE_UNISTD_H 1
| #define HAVE__BOOL 1
| #define HAVE_STDBOOL_H 1
| #define HAVE_ALLOCA_H 1
| #define HAVE_STDIO_H 1
| #define HAVE_STDLIB_H 1
| #define HAVE_MATH_H 1
| #define HAVE_STRING_H 1
| #define HAVE_STDARG_H 1
| #define HAVE_MALLOC_H 1
| #define HAVE_VALUES_H 1
| #define HAVE_FLOAT_H 1
| #define HAVE_TIME_H 1
| #define HAVE_SYS_TIME_H 1
| #define dGYROSCOPIC
| #define dDOUBLE
| #define dInfinity DBL_MAX
| #define dEpsilon DBL_EPSILON
| #define PENTIUM 1
| #define SIZEOF_CHAR 1
| #define SIZEOF_INT 4
| #define SIZEOF_SHORT 2
| #define SIZEOF_LONG_INT 4
| #define SIZEOF_VOIDP 4
| #define SO_EXT ".so"
| #define HAVE_GL_GL_H 1
| #define HAVE_GL_GLU_H 1
| #define HAVE_GL_GLEXT_H 1
| /* end confdefs.h.  */
| 
| 
| int
| main ()
| {
| return main ();
|   ;
|   return 0;
| }
configure:10537: result: no
configure:10543: checking for main in -lXmu
configure:10572: gcc -o conftest  -g -I -L  -g  conftest.c -lXmu   >&5
configure:10578: $? = 0
configure:10596: result: yes
configure:10602: checking for main in -lXi
configure:10631: gcc -o conftest  -g -I -L  -g  conftest.c -lXi   >&5
configure:10637: $? = 0
configure:10655: result: yes
configure:10661: checking for main in -lX
configure:10690: gcc -o conftest  -g -I -L  -g  conftest.c -lX   >&5
/usr/bin/ld: cannot find -lX
collect2: ld returned 1 exit status
configure:10696: $? = 1
configure: failed program was:
| /* confdefs.h.  */
| #define PACKAGE_NAME "ODE"
| #define PACKAGE_TARNAME "ode"
| #define PACKAGE_VERSION "0.9.0"
| #define PACKAGE_STRING "ODE 0.9.0"
| #define PACKAGE_BUGREPORT "ode@ode.org"
| #define PACKAGE "ODE"
| #define VERSION "0.9.0"
| #define STDC_HEADERS 1
| #define HAVE_SYS_TYPES_H 1
| #define HAVE_SYS_STAT_H 1
| #define HAVE_STDLIB_H 1
| #define HAVE_STRING_H 1
| #define HAVE_MEMORY_H 1
| #define HAVE_STRINGS_H 1
| #define HAVE_INTTYPES_H 1
| #define HAVE_STDINT_H 1
| #define HAVE_UNISTD_H 1
| #define HAVE__BOOL 1
| #define HAVE_STDBOOL_H 1
| #define HAVE_ALLOCA_H 1
| #define HAVE_STDIO_H 1
| #define HAVE_STDLIB_H 1
| #define HAVE_MATH_H 1
| #define HAVE_STRING_H 1
| #define HAVE_STDARG_H 1
| #define HAVE_MALLOC_H 1
| #define HAVE_VALUES_H 1
| #define HAVE_FLOAT_H 1
| #define HAVE_TIME_H 1
| #define HAVE_SYS_TIME_H 1
| #define dGYROSCOPIC
| #define dDOUBLE
| #define dInfinity DBL_MAX
| #define dEpsilon DBL_EPSILON
| #define PENTIUM 1
| #define SIZEOF_CHAR 1
| #define SIZEOF_INT 4
| #define SIZEOF_SHORT 2
| #define SIZEOF_LONG_INT 4
| #define SIZEOF_VOIDP 4
| #define SO_EXT ".so"
| #define HAVE_GL_GL_H 1
| #define HAVE_GL_GLU_H 1
| #define HAVE_GL_GLEXT_H 1
| /* end confdefs.h.  */
| 
| 
| int
| main ()
| {
| return main ();
|   ;
|   return 0;
| }
configure:10714: result: no
configure:10720: checking for main in -lX11
configure:10749: gcc -o conftest  -g -I -L  -g  conftest.c -lX11   >&5
configure:10755: $? = 0
configure:10773: result: yes
configure:10782: checking for main in -lcomctl32
configure:10811: gcc -o conftest  -g -I -L  -g  conftest.c -lcomctl32   >&5
/usr/bin/ld: cannot find -lcomctl32
collect2: ld returned 1 exit status
configure:10817: $? = 1
configure: failed program was:
| /* confdefs.h.  */
| #define PACKAGE_NAME "ODE"
| #define PACKAGE_TARNAME "ode"
| #define PACKAGE_VERSION "0.9.0"
| #define PACKAGE_STRING "ODE 0.9.0"
| #define PACKAGE_BUGREPORT "ode@ode.org"
| #define PACKAGE "ODE"
| #define VERSION "0.9.0"
| #define STDC_HEADERS 1
| #define HAVE_SYS_TYPES_H 1
| #define HAVE_SYS_STAT_H 1
| #define HAVE_STDLIB_H 1
| #define HAVE_STRING_H 1
| #define HAVE_MEMORY_H 1
| #define HAVE_STRINGS_H 1
| #define HAVE_INTTYPES_H 1
| #define HAVE_STDINT_H 1
| #define HAVE_UNISTD_H 1
| #define HAVE__BOOL 1
| #define HAVE_STDBOOL_H 1
| #define HAVE_ALLOCA_H 1
| #define HAVE_STDIO_H 1
| #define HAVE_STDLIB_H 1
| #define HAVE_MATH_H 1
| #define HAVE_STRING_H 1
| #define HAVE_STDARG_H 1
| #define HAVE_MALLOC_H 1
| #define HAVE_VALUES_H 1
| #define HAVE_FLOAT_H 1
| #define HAVE_TIME_H 1
| #define HAVE_SYS_TIME_H 1
| #define dGYROSCOPIC
| #define dDOUBLE
| #define dInfinity DBL_MAX
| #define dEpsilon DBL_EPSILON
| #define PENTIUM 1
| #define SIZEOF_CHAR 1
| #define SIZEOF_INT 4
| #define SIZEOF_SHORT 2
| #define SIZEOF_LONG_INT 4
| #define SIZEOF_VOIDP 4
| #define SO_EXT ".so"
| #define HAVE_GL_GL_H 1
| #define HAVE_GL_GLU_H 1
| #define HAVE_GL_GLEXT_H 1
| /* end confdefs.h.  */
| 
| 
| int
| main ()
| {
| return main ();
|   ;
|   return 0;
| }
configure:10835: result: no
configure:10841: checking for main in -lkernel32
configure:10870: gcc -o conftest  -g -I -L  -g  conftest.c -lkernel32   >&5
/usr/bin/ld: cannot find -lkernel32
collect2: ld returned 1 exit status
configure:10876: $? = 1
configure: failed program was:
| /* confdefs.h.  */
| #define PACKAGE_NAME "ODE"
| #define PACKAGE_TARNAME "ode"
| #define PACKAGE_VERSION "0.9.0"
| #define PACKAGE_STRING "ODE 0.9.0"
| #define PACKAGE_BUGREPORT "ode@ode.org"
| #define PACKAGE "ODE"
| #define VERSION "0.9.0"
| #define STDC_HEADERS 1
| #define HAVE_SYS_TYPES_H 1
| #define HAVE_SYS_STAT_H 1
| #define HAVE_STDLIB_H 1
| #define HAVE_STRING_H 1
| #define HAVE_MEMORY_H 1
| #define HAVE_STRINGS_H 1
| #define HAVE_INTTYPES_H 1
| #define HAVE_STDINT_H 1
| #define HAVE_UNISTD_H 1
| #define HAVE__BOOL 1
| #define HAVE_STDBOOL_H 1
| #define HAVE_ALLOCA_H 1
| #define HAVE_STDIO_H 1
| #define HAVE_STDLIB_H 1
| #define HAVE_MATH_H 1
| #define HAVE_STRING_H 1
| #define HAVE_STDARG_H 1
| #define HAVE_MALLOC_H 1
| #define HAVE_VALUES_H 1
| #define HAVE_FLOAT_H 1
| #define HAVE_TIME_H 1
| #define HAVE_SYS_TIME_H 1
| #define dGYROSCOPIC
| #define dDOUBLE
| #define dInfinity DBL_MAX
| #define dEpsilon DBL_EPSILON
| #define PENTIUM 1
| #define SIZEOF_CHAR 1
| #define SIZEOF_INT 4
| #define SIZEOF_SHORT 2
| #define SIZEOF_LONG_INT 4
| #define SIZEOF_VOIDP 4
| #define SO_EXT ".so"
| #define HAVE_GL_GL_H 1
| #define HAVE_GL_GLU_H 1
| #define HAVE_GL_GLEXT_H 1
| /* end confdefs.h.  */
| 
| 
| int
| main ()
| {
| return main ();
|   ;
|   return 0;
| }
configure:10894: result: no
configure:10900: checking for main in -luser32
configure:10929: gcc -o conftest  -g -I -L  -g  conftest.c -luser32   >&5
/usr/bin/ld: cannot find -luser32
collect2: ld returned 1 exit status
configure:10935: $? = 1
configure: failed program was:
| /* confdefs.h.  */
| #define PACKAGE_NAME "ODE"
| #define PACKAGE_TARNAME "ode"
| #define PACKAGE_VERSION "0.9.0"
| #define PACKAGE_STRING "ODE 0.9.0"
| #define PACKAGE_BUGREPORT "ode@ode.org"
| #define PACKAGE "ODE"
| #define VERSION "0.9.0"
| #define STDC_HEADERS 1
| #define HAVE_SYS_TYPES_H 1
| #define HAVE_SYS_STAT_H 1
| #define HAVE_STDLIB_H 1
| #define HAVE_STRING_H 1
| #define HAVE_MEMORY_H 1
| #define HAVE_STRINGS_H 1
| #define HAVE_INTTYPES_H 1
| #define HAVE_STDINT_H 1
| #define HAVE_UNISTD_H 1
| #define HAVE__BOOL 1
| #define HAVE_STDBOOL_H 1
| #define HAVE_ALLOCA_H 1
| #define HAVE_STDIO_H 1
| #define HAVE_STDLIB_H 1
| #define HAVE_MATH_H 1
| #define HAVE_STRING_H 1
| #define HAVE_STDARG_H 1
| #define HAVE_MALLOC_H 1
| #define HAVE_VALUES_H 1
| #define HAVE_FLOAT_H 1
| #define HAVE_TIME_H 1
| #define HAVE_SYS_TIME_H 1
| #define dGYROSCOPIC
| #define dDOUBLE
| #define dInfinity DBL_MAX
| #define dEpsilon DBL_EPSILON
| #define PENTIUM 1
| #define SIZEOF_CHAR 1
| #define SIZEOF_INT 4
| #define SIZEOF_SHORT 2
| #define SIZEOF_LONG_INT 4
| #define SIZEOF_VOIDP 4
| #define SO_EXT ".so"
| #define HAVE_GL_GL_H 1
| #define HAVE_GL_GLU_H 1
| #define HAVE_GL_GLEXT_H 1
| /* end confdefs.h.  */
| 
| 
| int
| main ()
| {
| return main ();
|   ;
|   return 0;
| }
configure:10953: result: no
configure:10959: checking for main in -lgdi32
configure:10988: gcc -o conftest  -g -I -L  -g  conftest.c -lgdi32   >&5
/usr/bin/ld: cannot find -lgdi32
collect2: ld returned 1 exit status
configure:10994: $? = 1
configure: failed program was:
| /* confdefs.h.  */
| #define PACKAGE_NAME "ODE"
| #define PACKAGE_TARNAME "ode"
| #define PACKAGE_VERSION "0.9.0"
| #define PACKAGE_STRING "ODE 0.9.0"
| #define PACKAGE_BUGREPORT "ode@ode.org"
| #define PACKAGE "ODE"
| #define VERSION "0.9.0"
| #define STDC_HEADERS 1
| #define HAVE_SYS_TYPES_H 1
| #define HAVE_SYS_STAT_H 1
| #define HAVE_STDLIB_H 1
| #define HAVE_STRING_H 1
| #define HAVE_MEMORY_H 1
| #define HAVE_STRINGS_H 1
| #define HAVE_INTTYPES_H 1
| #define HAVE_STDINT_H 1
| #define HAVE_UNISTD_H 1
| #define HAVE__BOOL 1
| #define HAVE_STDBOOL_H 1
| #define HAVE_ALLOCA_H 1
| #define HAVE_STDIO_H 1
| #define HAVE_STDLIB_H 1
| #define HAVE_MATH_H 1
| #define HAVE_STRING_H 1
| #define HAVE_STDARG_H 1
| #define HAVE_MALLOC_H 1
| #define HAVE_VALUES_H 1
| #define HAVE_FLOAT_H 1
| #define HAVE_TIME_H 1
| #define HAVE_SYS_TIME_H 1
| #define dGYROSCOPIC
| #define dDOUBLE
| #define dInfinity DBL_MAX
| #define dEpsilon DBL_EPSILON
| #define PENTIUM 1
| #define SIZEOF_CHAR 1
| #define SIZEOF_INT 4
| #define SIZEOF_SHORT 2
| #define SIZEOF_LONG_INT 4
| #define SIZEOF_VOIDP 4
| #define SO_EXT ".so"
| #define HAVE_GL_GL_H 1
| #define HAVE_GL_GLU_H 1
| #define HAVE_GL_GLEXT_H 1
| /* end confdefs.h.  */
| 
| 
| int
| main ()
| {
| return main ();
|   ;
|   return 0;
| }
configure:11012: result: no
configure:11018: checking for main in -lwinmm
configure:11047: gcc -o conftest  -g -I -L  -g  conftest.c -lwinmm   >&5
/usr/bin/ld: cannot find -lwinmm
collect2: ld returned 1 exit status
configure:11053: $? = 1
configure: failed program was:
| /* confdefs.h.  */
| #define PACKAGE_NAME "ODE"
| #define PACKAGE_TARNAME "ode"
| #define PACKAGE_VERSION "0.9.0"
| #define PACKAGE_STRING "ODE 0.9.0"
| #define PACKAGE_BUGREPORT "ode@ode.org"
| #define PACKAGE "ODE"
| #define VERSION "0.9.0"
| #define STDC_HEADERS 1
| #define HAVE_SYS_TYPES_H 1
| #define HAVE_SYS_STAT_H 1
| #define HAVE_STDLIB_H 1
| #define HAVE_STRING_H 1
| #define HAVE_MEMORY_H 1
| #define HAVE_STRINGS_H 1
| #define HAVE_INTTYPES_H 1
| #define HAVE_STDINT_H 1
| #define HAVE_UNISTD_H 1
| #define HAVE__BOOL 1
| #define HAVE_STDBOOL_H 1
| #define HAVE_ALLOCA_H 1
| #define HAVE_STDIO_H 1
| #define HAVE_STDLIB_H 1
| #define HAVE_MATH_H 1
| #define HAVE_STRING_H 1
| #define HAVE_STDARG_H 1
| #define HAVE_MALLOC_H 1
| #define HAVE_VALUES_H 1
| #define HAVE_FLOAT_H 1
| #define HAVE_TIME_H 1
| #define HAVE_SYS_TIME_H 1
| #define dGYROSCOPIC
| #define dDOUBLE
| #define dInfinity DBL_MAX
| #define dEpsilon DBL_EPSILON
| #define PENTIUM 1
| #define SIZEOF_CHAR 1
| #define SIZEOF_INT 4
| #define SIZEOF_SHORT 2
| #define SIZEOF_LONG_INT 4
| #define SIZEOF_VOIDP 4
| #define SO_EXT ".so"
| #define HAVE_GL_GL_H 1
| #define HAVE_GL_GLU_H 1
| #define HAVE_GL_GLEXT_H 1
| /* end confdefs.h.  */
| 
| 
| int
| main ()
| {
| return main ();
|   ;
|   return 0;
| }
configure:11071: result: no
configure:11078: checking for main in -lstdc++
configure:11107: gcc -o conftest  -g -I -L  -g  conftest.c -lstdc++   >&5
configure:11113: $? = 0
configure:11131: result: yes
configure:11137: checking for main in -lm
configure:11166: gcc -o conftest  -g -I -L  -g  conftest.c -lm   -lstdc++ >&5
configure:11172: $? = 0
configure:11190: result: yes
configure:11196: checking for main in -lpthread
configure:11225: gcc -o conftest  -g -I -L  -g  conftest.c -lpthread   -lstdc++ -lm >&5
configure:11231: $? = 0
configure:11249: result: yes
configure:11260: checking for gprof
configure:11336: result: no
configure:11365: checking for floor
configure:11421: gcc -o conftest  -g -I -L  -g  conftest.c  -lstdc++ -lm -lpthread >&5
conftest.c:70: warning: conflicting types for built-in function 'floor'
configure:11427: $? = 0
configure:11445: result: yes
configure:11365: checking for memmove
configure:11421: gcc -o conftest  -g -I -L  -g  conftest.c  -lstdc++ -lm -lpthread >&5
conftest.c:71: warning: conflicting types for built-in function 'memmove'
configure:11427: $? = 0
configure:11445: result: yes
configure:11365: checking for memset
configure:11421: gcc -o conftest  -g -I -L  -g  conftest.c  -lstdc++ -lm -lpthread >&5
conftest.c:72: warning: conflicting types for built-in function 'memset'
configure:11427: $? = 0
configure:11445: result: yes
configure:11365: checking for select
configure:11421: gcc -o conftest  -g -I -L  -g  conftest.c  -lstdc++ -lm -lpthread >&5
configure:11427: $? = 0
configure:11445: result: yes
configure:11365: checking for sqrt
configure:11421: gcc -o conftest  -g -I -L  -g  conftest.c  -lstdc++ -lm -lpthread >&5
conftest.c:74: warning: conflicting types for built-in function 'sqrt'
configure:11427: $? = 0
configure:11445: result: yes
configure:11365: checking for sqrtf
configure:11421: gcc -o conftest  -g -I -L  -g  conftest.c  -lstdc++ -lm -lpthread >&5
conftest.c:75: warning: conflicting types for built-in function 'sqrtf'
configure:11427: $? = 0
configure:11445: result: yes
configure:11365: checking for sinf
configure:11421: gcc -o conftest  -g -I -L  -g  conftest.c  -lstdc++ -lm -lpthread >&5
conftest.c:76: warning: conflicting types for built-in function 'sinf'
configure:11427: $? = 0
configure:11445: result: yes
configure:11365: checking for cosf
configure:11421: gcc -o conftest  -g -I -L  -g  conftest.c  -lstdc++ -lm -lpthread >&5
conftest.c:77: warning: conflicting types for built-in function 'cosf'
configure:11427: $? = 0
configure:11445: result: yes
configure:11365: checking for fabsf
configure:11421: gcc -o conftest  -g -I -L  -g  conftest.c  -lstdc++ -lm -lpthread >&5
conftest.c:78: warning: conflicting types for built-in function 'fabsf'
configure:11427: $? = 0
configure:11445: result: yes
configure:11365: checking for atan2f
configure:11421: gcc -o conftest  -g -I -L  -g  conftest.c  -lstdc++ -lm -lpthread >&5
conftest.c:79: warning: conflicting types for built-in function 'atan2f'
configure:11427: $? = 0
configure:11445: result: yes
configure:11365: checking for fmodf
configure:11421: gcc -o conftest  -g -I -L  -g  conftest.c  -lstdc++ -lm -lpthread >&5
conftest.c:80: warning: conflicting types for built-in function 'fmodf'
configure:11427: $? = 0
configure:11445: result: yes
configure:11365: checking for copysignf
configure:11421: gcc -o conftest  -g -I -L  -g  conftest.c  -lstdc++ -lm -lpthread >&5
conftest.c:81: warning: conflicting types for built-in function 'copysignf'
configure:11427: $? = 0
configure:11445: result: yes
configure:11365: checking for copysign
configure:11421: gcc -o conftest  -g -I -L  -g  conftest.c  -lstdc++ -lm -lpthread >&5
conftest.c:82: warning: conflicting types for built-in function 'copysign'
configure:11427: $? = 0
configure:11445: result: yes
configure:11365: checking for snprintf
configure:11421: gcc -o conftest  -g -I -L  -g  conftest.c  -lstdc++ -lm -lpthread >&5
conftest.c:83: warning: conflicting types for built-in function 'snprintf'
configure:11427: $? = 0
configure:11445: result: yes
configure:11365: checking for vsnprintf
configure:11421: gcc -o conftest  -g -I -L  -g  conftest.c  -lstdc++ -lm -lpthread >&5
conftest.c:84: warning: conflicting types for built-in function 'vsnprintf'
configure:11427: $? = 0
configure:11445: result: yes
configure:11365: checking for gettimeofday
configure:11421: gcc -o conftest  -g -I -L  -g  conftest.c  -lstdc++ -lm -lpthread >&5
configure:11427: $? = 0
configure:11445: result: yes
configure:11365: checking for isnan
configure:11421: gcc -o conftest  -g -I -L  -g  conftest.c  -lstdc++ -lm -lpthread >&5
conftest.c:86: warning: conflicting types for built-in function 'isnan'
configure:11427: $? = 0
configure:11445: result: yes
configure:11365: checking for isnanf
configure:11421: gcc -o conftest  -g -I -L  -g  conftest.c  -lstdc++ -lm -lpthread >&5
conftest.c:87: warning: conflicting types for built-in function 'isnanf'
configure:11427: $? = 0
configure:11445: result: yes
configure:11365: checking for _isnan
configure:11421: gcc -o conftest  -g -I -L  -g  conftest.c  -lstdc++ -lm -lpthread >&5
/tmp/ccOQu0wb.o: In function `main':
/home/mezl/Desktop/ode-0.9/conftest.c:99: undefined reference to `_isnan'
collect2: ld returned 1 exit status
configure:11427: $? = 1
configure: failed program was:
| /* confdefs.h.  */
| #define PACKAGE_NAME "ODE"
| #define PACKAGE_TARNAME "ode"
| #define PACKAGE_VERSION "0.9.0"
| #define PACKAGE_STRING "ODE 0.9.0"
| #define PACKAGE_BUGREPORT "ode@ode.org"
| #define PACKAGE "ODE"
| #define VERSION "0.9.0"
| #define STDC_HEADERS 1
| #define HAVE_SYS_TYPES_H 1
| #define HAVE_SYS_STAT_H 1
| #define HAVE_STDLIB_H 1
| #define HAVE_STRING_H 1
| #define HAVE_MEMORY_H 1
| #define HAVE_STRINGS_H 1
| #define HAVE_INTTYPES_H 1
| #define HAVE_STDINT_H 1
| #define HAVE_UNISTD_H 1
| #define HAVE__BOOL 1
| #define HAVE_STDBOOL_H 1
| #define HAVE_ALLOCA_H 1
| #define HAVE_STDIO_H 1
| #define HAVE_STDLIB_H 1
| #define HAVE_MATH_H 1
| #define HAVE_STRING_H 1
| #define HAVE_STDARG_H 1
| #define HAVE_MALLOC_H 1
| #define HAVE_VALUES_H 1
| #define HAVE_FLOAT_H 1
| #define HAVE_TIME_H 1
| #define HAVE_SYS_TIME_H 1
| #define dGYROSCOPIC
| #define dDOUBLE
| #define dInfinity DBL_MAX
| #define dEpsilon DBL_EPSILON
| #define PENTIUM 1
| #define SIZEOF_CHAR 1
| #define SIZEOF_INT 4
| #define SIZEOF_SHORT 2
| #define SIZEOF_LONG_INT 4
| #define SIZEOF_VOIDP 4
| #define SO_EXT ".so"
| #define HAVE_GL_GL_H 1
| #define HAVE_GL_GLU_H 1
| #define HAVE_GL_GLEXT_H 1
| #define HAVE_FLOOR 1
| #define HAVE_MEMMOVE 1
| #define HAVE_MEMSET 1
| #define HAVE_SELECT 1
| #define HAVE_SQRT 1
| #define HAVE_SQRTF 1
| #define HAVE_SINF 1
| #define HAVE_COSF 1
| #define HAVE_FABSF 1
| #define HAVE_ATAN2F 1
| #define HAVE_FMODF 1
| #define HAVE_COPYSIGNF 1
| #define HAVE_COPYSIGN 1
| #define HAVE_SNPRINTF 1
| #define HAVE_VSNPRINTF 1
| #define HAVE_GETTIMEOFDAY 1
| #define HAVE_ISNAN 1
| #define HAVE_ISNANF 1
| /* end confdefs.h.  */
| /* Define _isnan to an innocuous variant, in case <limits.h> declares _isnan.
|    For example, HP-UX 11i <limits.h> declares gettimeofday.  */
| #define _isnan innocuous__isnan
| 
| /* System header to define __stub macros and hopefully few prototypes,
|     which can conflict with char _isnan (); below.
|     Prefer <limits.h> to <assert.h> if __STDC__ is defined, since
|     <limits.h> exists even on freestanding compilers.  */
| 
| #ifdef __STDC__
| # include <limits.h>
| #else
| # include <assert.h>
| #endif
| 
| #undef _isnan
| 
| /* Override any GCC internal prototype to avoid an error.
|    Use char because int might match the return type of a GCC
|    builtin and then its argument prototype would still apply.  */
| #ifdef __cplusplus
| extern "C"
| #endif
| char _isnan ();
| /* The GNU C library defines this for functions which it implements
|     to always fail with ENOSYS.  Some functions are actually named
|     something starting with __ and the normal name is an alias.  */
| #if defined __stub__isnan || defined __stub____isnan
| choke me
| #endif
| 
| int
| main ()
| {
| return _isnan ();
|   ;
|   return 0;
| }
configure:11445: result: no
configure:11365: checking for _isnanf
configure:11421: gcc -o conftest  -g -I -L  -g  conftest.c  -lstdc++ -lm -lpthread >&5
/tmp/ccsY41xl.o: In function `main':
/home/mezl/Desktop/ode-0.9/conftest.c:99: undefined reference to `_isnanf'
collect2: ld returned 1 exit status
configure:11427: $? = 1
configure: failed program was:
| /* confdefs.h.  */
| #define PACKAGE_NAME "ODE"
| #define PACKAGE_TARNAME "ode"
| #define PACKAGE_VERSION "0.9.0"
| #define PACKAGE_STRING "ODE 0.9.0"
| #define PACKAGE_BUGREPORT "ode@ode.org"
| #define PACKAGE "ODE"
| #define VERSION "0.9.0"
| #define STDC_HEADERS 1
| #define HAVE_SYS_TYPES_H 1
| #define HAVE_SYS_STAT_H 1
| #define HAVE_STDLIB_H 1
| #define HAVE_STRING_H 1
| #define HAVE_MEMORY_H 1
| #define HAVE_STRINGS_H 1
| #define HAVE_INTTYPES_H 1
| #define HAVE_STDINT_H 1
| #define HAVE_UNISTD_H 1
| #define HAVE__BOOL 1
| #define HAVE_STDBOOL_H 1
| #define HAVE_ALLOCA_H 1
| #define HAVE_STDIO_H 1
| #define HAVE_STDLIB_H 1
| #define HAVE_MATH_H 1
| #define HAVE_STRING_H 1
| #define HAVE_STDARG_H 1
| #define HAVE_MALLOC_H 1
| #define HAVE_VALUES_H 1
| #define HAVE_FLOAT_H 1
| #define HAVE_TIME_H 1
| #define HAVE_SYS_TIME_H 1
| #define dGYROSCOPIC
| #define dDOUBLE
| #define dInfinity DBL_MAX
| #define dEpsilon DBL_EPSILON
| #define PENTIUM 1
| #define SIZEOF_CHAR 1
| #define SIZEOF_INT 4
| #define SIZEOF_SHORT 2
| #define SIZEOF_LONG_INT 4
| #define SIZEOF_VOIDP 4
| #define SO_EXT ".so"
| #define HAVE_GL_GL_H 1
| #define HAVE_GL_GLU_H 1
| #define HAVE_GL_GLEXT_H 1
| #define HAVE_FLOOR 1
| #define HAVE_MEMMOVE 1
| #define HAVE_MEMSET 1
| #define HAVE_SELECT 1
| #define HAVE_SQRT 1
| #define HAVE_SQRTF 1
| #define HAVE_SINF 1
| #define HAVE_COSF 1
| #define HAVE_FABSF 1
| #define HAVE_ATAN2F 1
| #define HAVE_FMODF 1
| #define HAVE_COPYSIGNF 1
| #define HAVE_COPYSIGN 1
| #define HAVE_SNPRINTF 1
| #define HAVE_VSNPRINTF 1
| #define HAVE_GETTIMEOFDAY 1
| #define HAVE_ISNAN 1
| #define HAVE_ISNANF 1
| /* end confdefs.h.  */
| /* Define _isnanf to an innocuous variant, in case <limits.h> declares _isnanf.
|    For example, HP-UX 11i <limits.h> declares gettimeofday.  */
| #define _isnanf innocuous__isnanf
| 
| /* System header to define __stub macros and hopefully few prototypes,
|     which can conflict with char _isnanf (); below.
|     Prefer <limits.h> to <assert.h> if __STDC__ is defined, since
|     <limits.h> exists even on freestanding compilers.  */
| 
| #ifdef __STDC__
| # include <limits.h>
| #else
| # include <assert.h>
| #endif
| 
| #undef _isnanf
| 
| /* Override any GCC internal prototype to avoid an error.
|    Use char because int might match the return type of a GCC
|    builtin and then its argument prototype would still apply.  */
| #ifdef __cplusplus
| extern "C"
| #endif
| char _isnanf ();
| /* The GNU C library defines this for functions which it implements
|     to always fail with ENOSYS.  Some functions are actually named
|     something starting with __ and the normal name is an alias.  */
| #if defined __stub__isnanf || defined __stub____isnanf
| choke me
| #endif
| 
| int
| main ()
| {
| return _isnanf ();
|   ;
|   return 0;
| }
configure:11445: result: no
configure:11365: checking for __isnan
configure:11421: gcc -o conftest  -g -I -L  -g  conftest.c  -lstdc++ -lm -lpthread >&5
configure:11427: $? = 0
configure:11445: result: yes
configure:11365: checking for __isnanf
configure:11421: gcc -o conftest  -g -I -L  -g  conftest.c  -lstdc++ -lm -lpthread >&5
configure:11427: $? = 0
configure:11445: result: yes
configure:11459: checking for working alloca.h
configure:11486: gcc -o conftest  -g -I -L  -g  conftest.c  -lstdc++ -lm -lpthread >&5
configure:11492: $? = 0
configure:11509: result: yes
configure:11519: checking for alloca
configure:11566: gcc -o conftest  -g -I -L  -g  conftest.c  -lstdc++ -lm -lpthread >&5
configure:11572: $? = 0
configure:11589: result: yes
configure:11821: checking for stdlib.h
configure:11827: result: yes
configure:11961: checking for GNU libc compatible malloc
configure:11995: gcc -o conftest  -g -I -L  -g  conftest.c  -lstdc++ -lm -lpthread >&5
configure:11998: $? = 0
configure:12004: ./conftest
configure:12007: $? = 0
configure:12023: result: yes
configure:12051: checking for obstacks
configure:12082: gcc -o conftest  -g -I -L  -g  conftest.c  -lstdc++ -lm -lpthread >&5
configure:12088: $? = 0
configure:12105: result: yes
configure:12127: checking for stdlib.h
configure:12133: result: yes
configure:12267: checking for GNU libc compatible realloc
configure:12301: gcc -o conftest  -g -I -L  -g  conftest.c  -lstdc++ -lm -lpthread >&5
configure:12304: $? = 0
configure:12310: ./conftest
configure:12313: $? = 0
configure:12329: result: yes
configure:12373: checking sys/select.h usability
configure:12390: gcc -c  -g -I -L  -g conftest.c >&5
configure:12396: $? = 0
configure:12410: result: yes
configure:12414: checking sys/select.h presence
configure:12429: gcc -E  -g conftest.c
configure:12435: $? = 0
configure:12449: result: yes
configure:12482: checking for sys/select.h
configure:12490: result: yes
configure:12373: checking sys/socket.h usability
configure:12390: gcc -c  -g -I -L  -g conftest.c >&5
configure:12396: $? = 0
configure:12410: result: yes
configure:12414: checking sys/socket.h presence
configure:12429: gcc -E  -g conftest.c
configure:12435: $? = 0
configure:12449: result: yes
configure:12482: checking for sys/socket.h
configure:12490: result: yes
configure:12503: checking types of arguments for select
configure:12541: gcc -c  -g -I -L  -g conftest.c >&5
configure:12547: $? = 0
configure:12568: result: int,fd_set *,struct timeval *
configure:12595: checking for vprintf
configure:12651: gcc -o conftest  -g -I -L  -g  conftest.c  -lstdc++ -lm -lpthread >&5
conftest.c:102: warning: conflicting types for built-in function 'vprintf'
configure:12657: $? = 0
configure:12675: result: yes
configure:12682: checking for _doprnt
configure:12738: gcc -o conftest  -g -I -L  -g  conftest.c  -lstdc++ -lm -lpthread >&5
/tmp/cci6OQSh.o: In function `main':
/home/mezl/Desktop/ode-0.9/conftest.c:114: undefined reference to `_doprnt'
collect2: ld returned 1 exit status
configure:12744: $? = 1
configure: failed program was:
| /* confdefs.h.  */
| #define PACKAGE_NAME "ODE"
| #define PACKAGE_TARNAME "ode"
| #define PACKAGE_VERSION "0.9.0"
| #define PACKAGE_STRING "ODE 0.9.0"
| #define PACKAGE_BUGREPORT "ode@ode.org"
| #define PACKAGE "ODE"
| #define VERSION "0.9.0"
| #define STDC_HEADERS 1
| #define HAVE_SYS_TYPES_H 1
| #define HAVE_SYS_STAT_H 1
| #define HAVE_STDLIB_H 1
| #define HAVE_STRING_H 1
| #define HAVE_MEMORY_H 1
| #define HAVE_STRINGS_H 1
| #define HAVE_INTTYPES_H 1
| #define HAVE_STDINT_H 1
| #define HAVE_UNISTD_H 1
| #define HAVE__BOOL 1
| #define HAVE_STDBOOL_H 1
| #define HAVE_ALLOCA_H 1
| #define HAVE_STDIO_H 1
| #define HAVE_STDLIB_H 1
| #define HAVE_MATH_H 1
| #define HAVE_STRING_H 1
| #define HAVE_STDARG_H 1
| #define HAVE_MALLOC_H 1
| #define HAVE_VALUES_H 1
| #define HAVE_FLOAT_H 1
| #define HAVE_TIME_H 1
| #define HAVE_SYS_TIME_H 1
| #define dGYROSCOPIC
| #define dDOUBLE
| #define dInfinity DBL_MAX
| #define dEpsilon DBL_EPSILON
| #define PENTIUM 1
| #define SIZEOF_CHAR 1
| #define SIZEOF_INT 4
| #define SIZEOF_SHORT 2
| #define SIZEOF_LONG_INT 4
| #define SIZEOF_VOIDP 4
| #define SO_EXT ".so"
| #define HAVE_GL_GL_H 1
| #define HAVE_GL_GLU_H 1
| #define HAVE_GL_GLEXT_H 1
| #define HAVE_FLOOR 1
| #define HAVE_MEMMOVE 1
| #define HAVE_MEMSET 1
| #define HAVE_SELECT 1
| #define HAVE_SQRT 1
| #define HAVE_SQRTF 1
| #define HAVE_SINF 1
| #define HAVE_COSF 1
| #define HAVE_FABSF 1
| #define HAVE_ATAN2F 1
| #define HAVE_FMODF 1
| #define HAVE_COPYSIGNF 1
| #define HAVE_COPYSIGN 1
| #define HAVE_SNPRINTF 1
| #define HAVE_VSNPRINTF 1
| #define HAVE_GETTIMEOFDAY 1
| #define HAVE_ISNAN 1
| #define HAVE_ISNANF 1
| #define HAVE___ISNAN 1
| #define HAVE___ISNANF 1
| #define HAVE_ALLOCA_H 1
| #define HAVE_ALLOCA 1
| #define HAVE_STDLIB_H 1
| #define HAVE_MALLOC 1
| #define HAVE_OBSTACK 1
| #define HAVE_STDLIB_H 1
| #define HAVE_REALLOC 1
| #define HAVE_SYS_SELECT_H 1
| #define HAVE_SYS_SOCKET_H 1
| #define SELECT_TYPE_ARG1 int
| #define SELECT_TYPE_ARG234 (fd_set *)
| #define SELECT_TYPE_ARG5 (struct timeval *)
| #define HAVE_VPRINTF 1
| /* end confdefs.h.  */
| /* Define _doprnt to an innocuous variant, in case <limits.h> declares _doprnt.
|    For example, HP-UX 11i <limits.h> declares gettimeofday.  */
| #define _doprnt innocuous__doprnt
| 
| /* System header to define __stub macros and hopefully few prototypes,
|     which can conflict with char _doprnt (); below.
|     Prefer <limits.h> to <assert.h> if __STDC__ is defined, since
|     <limits.h> exists even on freestanding compilers.  */
| 
| #ifdef __STDC__
| # include <limits.h>
| #else
| # include <assert.h>
| #endif
| 
| #undef _doprnt
| 
| /* Override any GCC internal prototype to avoid an error.
|    Use char because int might match the return type of a GCC
|    builtin and then its argument prototype would still apply.  */
| #ifdef __cplusplus
| extern "C"
| #endif
| char _doprnt ();
| /* The GNU C library defines this for functions which it implements
|     to always fail with ENOSYS.  Some functions are actually named
|     something starting with __ and the normal name is an alias.  */
| #if defined __stub__doprnt || defined __stub____doprnt
| choke me
| #endif
| 
| int
| main ()
| {
| return _doprnt ();
|   ;
|   return 0;
| }
configure:12761: result: no
configure:12969: creating ./config.status

## ---------------------- ##
## Running config.status. ##
## ---------------------- ##

This file was extended by ODE config.status 0.9.0, which was
generated by GNU Autoconf 2.61.  Invocation command line was

  CONFIG_FILES    = 
  CONFIG_HEADERS  = 
  CONFIG_LINKS    = 
  CONFIG_COMMANDS = 
  $ ./config.status 

on localhost.localdomain

config.status:705: creating Makefile
config.status:705: creating include/Makefile
config.status:705: creating include/ode/Makefile
config.status:705: creating ode/Makefile
config.status:705: creating ode/src/Makefile
config.status:705: creating drawstuff/Makefile
config.status:705: creating drawstuff/src/Makefile
config.status:705: creating drawstuff/dstest/Makefile
config.status:705: creating ode/demo/Makefile
config.status:705: creating tests/Makefile
config.status:705: creating tests/CppTestHarness/Makefile
config.status:705: creating ode-config
config.status:705: creating include/ode/config.h
config.status:1045: executing depfiles commands

## ---------------- ##
## Cache variables. ##
## ---------------- ##

ac_cv_build=i686-pc-linux-gnu
ac_cv_c_bigendian=no
ac_cv_c_compiler_gnu=yes
ac_cv_c_const=yes
ac_cv_c_inline=inline
ac_cv_c_volatile=yes
ac_cv_cxx_compiler_gnu=yes
ac_cv_env_CCC_set=
ac_cv_env_CCC_value=
ac_cv_env_CC_set=
ac_cv_env_CC_value=
ac_cv_env_CFLAGS_set=
ac_cv_env_CFLAGS_value=
ac_cv_env_CPPFLAGS_set=
ac_cv_env_CPPFLAGS_value=
ac_cv_env_CPP_set=
ac_cv_env_CPP_value=
ac_cv_env_CXXFLAGS_set=
ac_cv_env_CXXFLAGS_value=
ac_cv_env_CXX_set=
ac_cv_env_CXX_value=
ac_cv_env_LDFLAGS_set=
ac_cv_env_LDFLAGS_value=
ac_cv_env_LIBS_set=
ac_cv_env_LIBS_value=
ac_cv_env_XMKMF_set=
ac_cv_env_XMKMF_value=
ac_cv_env_build_alias_set=
ac_cv_env_build_alias_value=
ac_cv_env_host_alias_set=
ac_cv_env_host_alias_value=
ac_cv_env_target_alias_set=
ac_cv_env_target_alias_value=
ac_cv_func___isnan=yes
ac_cv_func___isnanf=yes
ac_cv_func__doprnt=no
ac_cv_func__isnan=no
ac_cv_func__isnanf=no
ac_cv_func_alloca_works=yes
ac_cv_func_atan2f=yes
ac_cv_func_connect=yes
ac_cv_func_copysign=yes
ac_cv_func_copysignf=yes
ac_cv_func_cosf=yes
ac_cv_func_fabsf=yes
ac_cv_func_floor=yes
ac_cv_func_fmodf=yes
ac_cv_func_gethostbyname=yes
ac_cv_func_gettimeofday=yes
ac_cv_func_isnan=yes
ac_cv_func_isnanf=yes
ac_cv_func_malloc_0_nonnull=yes
ac_cv_func_memmove=yes
ac_cv_func_memset=yes
ac_cv_func_obstack=yes
ac_cv_func_realloc_0_nonnull=yes
ac_cv_func_remove=yes
ac_cv_func_select=yes
ac_cv_func_select_args='int,fd_set *,struct timeval *'
ac_cv_func_shmat=yes
ac_cv_func_sinf=yes
ac_cv_func_snprintf=yes
ac_cv_func_sqrt=yes
ac_cv_func_sqrtf=yes
ac_cv_func_vprintf=yes
ac_cv_func_vsnprintf=yes
ac_cv_have_x='have_x=yes	ac_x_includes='\'''\''	ac_x_libraries='\'''\'''
ac_cv_header_GL_gl_h=yes
ac_cv_header_GL_glext_h=yes
ac_cv_header_GL_glu_h=yes
ac_cv_header_alloca_h=yes
ac_cv_header_float_h=yes
ac_cv_header_ieeefp_h=no
ac_cv_header_inttypes_h=yes
ac_cv_header_malloc_h=yes
ac_cv_header_math_h=yes
ac_cv_header_memory_h=yes
ac_cv_header_stdarg_h=yes
ac_cv_header_stdbool_h=yes
ac_cv_header_stdc=yes
ac_cv_header_stdint_h=yes
ac_cv_header_stdio_h=yes
ac_cv_header_stdlib_h=yes
ac_cv_header_string_h=yes
ac_cv_header_strings_h=yes
ac_cv_header_sys_select_h=yes
ac_cv_header_sys_socket_h=yes
ac_cv_header_sys_stat_h=yes
ac_cv_header_sys_time_h=yes
ac_cv_header_sys_types_h=yes
ac_cv_header_time_h=yes
ac_cv_header_unistd_h=yes
ac_cv_header_values_h=yes
ac_cv_host=i686-pc-linux-gnu
ac_cv_lib_GLU_main=yes
ac_cv_lib_GL_main=yes
ac_cv_lib_ICE_IceConnectionNumber=yes
ac_cv_lib_X11_main=yes
ac_cv_lib_X_main=no
ac_cv_lib_Xi_main=yes
ac_cv_lib_Xmu_main=yes
ac_cv_lib_comctl32_main=no
ac_cv_lib_gdi32_main=no
ac_cv_lib_glu32_main=no
ac_cv_lib_kernel32_main=no
ac_cv_lib_m_main=yes
ac_cv_lib_opengl32_main=no
ac_cv_lib_pthread_main=yes
ac_cv_lib_stdcpp_main=yes
ac_cv_lib_user32_main=no
ac_cv_lib_winmm_main=no
ac_cv_objext=o
ac_cv_path_EGREP='/bin/grep -E'
ac_cv_path_GREP=/bin/grep
ac_cv_path_install='/usr/bin/install -c'
ac_cv_path_mkdir=/bin/mkdir
ac_cv_prog_AWK=gawk
ac_cv_prog_CPP='gcc -E'
ac_cv_prog_ac_ct_CC=gcc
ac_cv_prog_ac_ct_CXX=g++
ac_cv_prog_ac_ct_RANLIB=ranlib
ac_cv_prog_cc_c89=
ac_cv_prog_cc_g=yes
ac_cv_prog_cxx_g=yes
ac_cv_prog_make_make_set=yes
ac_cv_sizeof_char=1
ac_cv_sizeof_int=4
ac_cv_sizeof_long_int=4
ac_cv_sizeof_short=2
ac_cv_sizeof_voidp=4
ac_cv_target=i686-pc-linux-gnu
ac_cv_type__Bool=yes
ac_cv_type_char=yes
ac_cv_type_int=yes
ac_cv_type_long_int=yes
ac_cv_type_short=yes
ac_cv_type_size_t=yes
ac_cv_type_voidp=yes
ac_cv_working_alloca_h=yes
am_cv_CC_dependencies_compiler_type=gcc3
am_cv_CXX_dependencies_compiler_type=gcc3

## ----------------- ##
## Output variables. ##
## ----------------- ##

ACLOCAL='${SHELL} /home/mezl/Desktop/ode-0.9/missing --run aclocal-1.10'
ALLOCA=''
AMDEPBACKSLASH='\'
AMDEP_FALSE='#'
AMDEP_TRUE=''
AMTAR='${SHELL} /home/mezl/Desktop/ode-0.9/missing --run tar'
ARCHFLAGS=''
AUTOCONF='${SHELL} /home/mezl/Desktop/ode-0.9/missing --run autoconf'
AUTOHEADER='${SHELL} /home/mezl/Desktop/ode-0.9/missing --run autoheader'
AUTOMAKE='${SHELL} /home/mezl/Desktop/ode-0.9/missing --run automake-1.10'
AWK='gawk'
CC='gcc'
CCDEPMODE='depmode=gcc3'
CFLAGS=' -g -I -L'
CPP='gcc -E'
CPPFLAGS=' -g'
CXX='g++'
CXXDEPMODE='depmode=gcc3'
CXXFLAGS=' -g -I -L'
CYGPATH_W='echo'
DEFS='-DHAVE_CONFIG_H'
DEPDIR='.deps'
DRAWSTUFF=''
ECHO_C=''
ECHO_N='-n'
ECHO_T=''
EGREP='/bin/grep -E'
ENABLE_DEMOS_FALSE='#'
ENABLE_DEMOS_TRUE=''
EXEEXT=''
GIMPACT_FALSE=''
GIMPACT_TRUE='#'
GL_LIBS=' -lGL -lGLU -lXmu -lXi -lX11'
GREP='/bin/grep'
INSTALL_DATA='${INSTALL} -m 644'
INSTALL_PROGRAM='${INSTALL}'
INSTALL_SCRIPT='${INSTALL}'
INSTALL_STRIP_PROGRAM='$(install_sh) -c -s'
LDFLAGS=''
LIBOBJS=''
LIBS=' -lstdc++ -lm -lpthread'
LTLIBOBJS=''
MAKEINFO='${SHELL} /home/mezl/Desktop/ode-0.9/missing --run makeinfo'
OBJEXT='o'
ODE_AGE='0'
ODE_CURRENT='0'
ODE_RELEASE='0.9.0'
ODE_REVISION='9'
ODE_SONAME='libode.so.0'
OPCODE_FALSE='#'
OPCODE_TRUE=''
OSX_FALSE=''
OSX_TRUE='#'
PACKAGE='ODE'
PACKAGE_BUGREPORT='ode@ode.org'
PACKAGE_NAME='ODE'
PACKAGE_STRING='ODE 0.9.0'
PACKAGE_TARNAME='ode'
PACKAGE_VERSION='0.9.0'
PATH_SEPARATOR=':'
RANLIB='ranlib'
SET_MAKE=''
SHARED_LDFLAGS='-shared'
SHELL='/bin/sh'
STRIP=''
TOPDIR='/home/mezl/Desktop/ode-0.9'
TRIMESH_FALSE='#'
TRIMESH_TRUE=''
USE_SONAME_FALSE=''
USE_SONAME_TRUE='#'
VERSION='0.9.0'
WIN32_FALSE=''
WIN32_TRUE='#'
WINDRES=''
X11_FALSE='#'
X11_TRUE=''
X86_64_SYSTEM_FALSE=''
X86_64_SYSTEM_TRUE='#'
XMKMF=''
X_CFLAGS=''
X_EXTRA_LIBS=''
X_LIBS=''
X_PRE_LIBS=' -lSM -lICE'
ac_ct_CC='gcc'
ac_ct_CXX='g++'
ac_ct_WINDRES=''
am__fastdepCC_FALSE='#'
am__fastdepCC_TRUE=''
am__fastdepCXX_FALSE='#'
am__fastdepCXX_TRUE=''
am__include='include'
am__isrc=''
am__leading_dot='.'
am__quote=''
am__tar='${AMTAR} chof - "$$tardir"'
am__untar='${AMTAR} xf -'
bindir='${exec_prefix}/bin'
build='i686-pc-linux-gnu'
build_alias=''
build_cpu='i686'
build_os='linux-gnu'
build_vendor='pc'
datadir='${datarootdir}'
datarootdir='${prefix}/share'
docdir='${datarootdir}/doc/${PACKAGE_TARNAME}'
dvidir='${docdir}'
exec_prefix='${prefix}'
host='i686-pc-linux-gnu'
host_alias=''
host_cpu='i686'
host_os='linux-gnu'
host_vendor='pc'
htmldir='${docdir}'
includedir='${prefix}/include'
infodir='${datarootdir}/info'
install_sh='$(SHELL) /home/mezl/Desktop/ode-0.9/install-sh'
libdir='${exec_prefix}/lib'
libexecdir='${exec_prefix}/libexec'
localedir='${datarootdir}/locale'
localstatedir='${prefix}/var'
mandir='${datarootdir}/man'
mkdir_p='/bin/mkdir -p'
oldincludedir='/usr/include'
pdfdir='${docdir}'
prefix='/usr/local'
program_transform_name='s,x,x,'
psdir='${docdir}'
sbindir='${exec_prefix}/sbin'
sharedstatedir='${prefix}/com'
so_ext='.so'
sysconfdir='${prefix}/etc'
target='i686-pc-linux-gnu'
target_alias=''
target_cpu='i686'
target_os='linux-gnu'
target_vendor='pc'

## ----------- ##
## confdefs.h. ##
## ----------- ##

#define PACKAGE_NAME "ODE"
#define PACKAGE_TARNAME "ode"
#define PACKAGE_VERSION "0.9.0"
#define PACKAGE_STRING "ODE 0.9.0"
#define PACKAGE_BUGREPORT "ode@ode.org"
#define PACKAGE "ODE"
#define VERSION "0.9.0"
#define STDC_HEADERS 1
#define HAVE_SYS_TYPES_H 1
#define HAVE_SYS_STAT_H 1
#define HAVE_STDLIB_H 1
#define HAVE_STRING_H 1
#define HAVE_MEMORY_H 1
#define HAVE_STRINGS_H 1
#define HAVE_INTTYPES_H 1
#define HAVE_STDINT_H 1
#define HAVE_UNISTD_H 1
#define HAVE__BOOL 1
#define HAVE_STDBOOL_H 1
#define HAVE_ALLOCA_H 1
#define HAVE_STDIO_H 1
#define HAVE_STDLIB_H 1
#define HAVE_MATH_H 1
#define HAVE_STRING_H 1
#define HAVE_STDARG_H 1
#define HAVE_MALLOC_H 1
#define HAVE_VALUES_H 1
#define HAVE_FLOAT_H 1
#define HAVE_TIME_H 1
#define HAVE_SYS_TIME_H 1
#define dGYROSCOPIC
#define dDOUBLE
#define dInfinity DBL_MAX
#define dEpsilon DBL_EPSILON
#define PENTIUM 1
#define SIZEOF_CHAR 1
#define SIZEOF_INT 4
#define SIZEOF_SHORT 2
#define SIZEOF_LONG_INT 4
#define SIZEOF_VOIDP 4
#define SO_EXT ".so"
#define HAVE_GL_GL_H 1
#define HAVE_GL_GLU_H 1
#define HAVE_GL_GLEXT_H 1
#define HAVE_FLOOR 1
#define HAVE_MEMMOVE 1
#define HAVE_MEMSET 1
#define HAVE_SELECT 1
#define HAVE_SQRT 1
#define HAVE_SQRTF 1
#define HAVE_SINF 1
#define HAVE_COSF 1
#define HAVE_FABSF 1
#define HAVE_ATAN2F 1
#define HAVE_FMODF 1
#define HAVE_COPYSIGNF 1
#define HAVE_COPYSIGN 1
#define HAVE_SNPRINTF 1
#define HAVE_VSNPRINTF 1
#define HAVE_GETTIMEOFDAY 1
#define HAVE_ISNAN 1
#define HAVE_ISNANF 1
#define HAVE___ISNAN 1
#define HAVE___ISNANF 1
#define HAVE_ALLOCA_H 1
#define HAVE_ALLOCA 1
#define HAVE_STDLIB_H 1
#define HAVE_MALLOC 1
#define HAVE_OBSTACK 1
#define HAVE_STDLIB_H 1
#define HAVE_REALLOC 1
#define HAVE_SYS_SELECT_H 1
#define HAVE_SYS_SOCKET_H 1
#define SELECT_TYPE_ARG1 int
#define SELECT_TYPE_ARG234 (fd_set *)
#define SELECT_TYPE_ARG5 (struct timeval *)
#define HAVE_VPRINTF 1

configure: exit 0
